type=PROCTITLE msg=audit(1722848968.880:11893): proctitle=6E616E6F00746573742E747874
type=SYSCALL msg=audit(1722848971.186:11894): arch=c00000b7 syscall=56 success=yes exit=3 a0=ffffffffffffff9c a1=b76d011a91d0 a2=241 a3=1b6 items=2 ppid=166604 pid=171169 auid=1001 uid=1001 gid=1001 euid=1001 suid=1001 fsuid=1001 egid=1001 sgid=1001 fsgid=1001 tty=pts16 ses=15 comm="nano" exe="/usr/bin/nano" subj=unconfined key="testdir_watch"ARCH=aarch64 SYSCALL=openat AUID="tharindu2" UID="tharindu2" GID="tharindu2" EUID="tharindu2" SUID="tharindu2" FSUID="tharindu2" EGID="tharindu2" SGID="tharindu2" FSGID="tharindu2"
type=CWD msg=audit(1722848971.186:11894): cwd="/home/TestDir"
type=PATH msg=audit(1722848971.186:11894): item=0 name="/home/TestDir" inode=819126 dev=fc:00 mode=040770 ouid=0 ogid=1003 rdev=00:00 nametype=PARENT cap_fp=0 cap_fi=0 cap_fe=0 cap_fver=0 cap_frootid=0OUID="root" OGID="MYG"
type=PATH msg=audit(1722848971.186:11894): item=1 name="test.txt" inode=819232 dev=fc:00 mode=0100770 ouid=0 ogid=1003 rdev=00:00 nametype=NORMAL cap_fp=0 cap_fi=0 cap_fe=0 cap_fver=0 cap_frootid=0OUID="root" OGID="MYG"
type=PROCTITLE msg=audit(1722848971.186:11894): proctitle=6E616E6F00746573742E747874
type=PROCTITLE msg=audit(1722848968.880:11893): proctitle=6E616E6F00746573742E747874
type=SYSCALL msg=audit(1722848971.186:11894): arch=c00000b7 syscall=56 success=yes exit=3 a0=ffffffffffffff9c a1=b76d011a91d0 a2=241 a3=1b6 items=2 ppid=166604 pid=171169 auid=1001 uid=1001 gid=1001 euid=1001 suid=1001 fsuid=1001 egid=1001 sgid=1001 fsgid=1001 tty=pts16 ses=15 comm="nano" exe="/usr/bin/nano" subj=unconfined key="testdir_watch"ARCH=aarch64 SYSCALL=openat AUID="tharindu2" UID="tharindu2" GID="tharindu2" EUID="tharindu2" SUID="tharindu2" FSUID="tharindu2" EGID="tharindu2" SGID="tharindu2" FSGID="tharindu2"
type=CWD msg=audit(1722848971.186:11894): cwd="/home/TestDir"
type=PATH msg=audit(1722848971.186:11894): item=0 name="/home/TestDir" inode=819126 dev=fc:00 mode=040770 ouid=0 ogid=1003 rdev=00:00 nametype=PARENT cap_fp=0 cap_fi=0 cap_fe=0 cap_fver=0 cap_frootid=0OUID="root" OGID="MYG"
type=PATH msg=audit(1722848971.186:11894): item=1 name="test.txt" inode=819232 dev=fc:00 mode=0100770 ouid=0 ogid=1003 rdev=00:00 nametype=NORMAL cap_fp=0 cap_fi=0 cap_fe=0 cap_fver=0 cap_frootid=0OUID="root" OGID="MYG"
type=PROCTITLE msg=audit(1722848971.186:11894): proctitle=6E616E6F00746573742E747874type=PROCTITLE msg=audit(1722848968.880:11893): proctitle=6E616E6F00746573742E747874
type=SYSCALL msg=audit(1722848971.186:11894): arch=c00000b7 syscall=56 success=yes exit=3 a0=ffffffffffffff9c a1=b76d011a91d0 a2=241 a3=1b6 items=2 ppid=166604 pid=171169 auid=1001 uid=1001 gid=1001 euid=1001 suid=1001 fsuid=1001 egid=1001 sgid=1001 fsgid=1001 tty=pts16 ses=15 comm="nano" exe="/usr/bin/nano" subj=unconfined key="testdir_watch"ARCH=aarch64 SYSCALL=openat AUID="tharindu2" UID="tharindu2" GID="tharindu2" EUID="tharindu2" SUID="tharindu2" FSUID="tharindu2" EGID="tharindu2" SGID="tharindu2" FSGID="tharindu2"
type=CWD msg=audit(1722848971.186:11894): cwd="/home/TestDir"
type=PATH msg=audit(1722848971.186:11894): item=0 name="/home/TestDir" inode=819126 dev=fc:00 mode=040770 ouid=0 ogid=1003 rdev=00:00 nametype=PARENT cap_fp=0 cap_fi=0 cap_fe=0 cap_fver=0 cap_frootid=0OUID="root" OGID="MYG"
type=PATH msg=audit(1722848971.186:11894): item=1 name="test.txt" inode=819232 dev=fc:00 mode=0100770 ouid=0 ogid=1003 rdev=00:00 nametype=NORMAL cap_fp=0 cap_fi=0 cap_fe=0 cap_fver=0 cap_frootid=0OUID="root" OGID="MYG"
type=PROCTITLE msg=audit(1722848971.186:11894): proctitle=6E616E6F00746573742E747874
type=PROCTITLE msg=audit(1722848968.880:11893): proctitle=6E616E6F00746573742E747874
type=SYSCALL msg=audit(1722848971.186:11894): arch=c00000b7 syscall=56 success=yes exit=3 a0=ffffffffffffff9c a1=b76d011a91d0 a2=241 a3=1b6 items=2 ppid=166604 pid=171169 auid=1001 uid=1001 gid=1001 euid=1001 suid=1001 fsuid=1001 egid=1001 sgid=1001 fsgid=1001 tty=pts16 ses=15 comm="nano" exe="/usr/bin/nano" subj=unconfined key="testdir_watch"ARCH=aarch64 SYSCALL=openat AUID="tharindu2" UID="tharindu2" GID="tharindu2" EUID="tharindu2" SUID="tharindu2" FSUID="tharindu2" EGID="tharindu2" SGID="tharindu2" FSGID="tharindu2"
type=CWD msg=audit(1722848971.186:11894): cwd="/home/TestDir"
type=PATH msg=audit(1722848971.186:11894): item=0 name="/home/TestDir" inode=819126 dev=fc:00 mode=040770 ouid=0 ogid=1003 rdev=00:00 nametype=PARENT cap_fp=0 cap_fi=0 cap_fe=0 cap_fver=0 cap_frootid=0OUID="root" OGID="MYG"
type=PATH msg=audit(1722848971.186:11894): item=1 name="test.txt" inode=819232 dev=fc:00 mode=0100770 ouid=0 ogid=1003 rdev=00:00 nametype=NORMAL cap_fp=0 cap_fi=0 cap_fe=0 cap_fver=0 cap_frootid=0OUID="root" OGID="MYG"
type=PROCTITLE msg=audit(1722848971.186:11894): proctitle=6E616E6F00746573742E747874


type=SYSCALL msg=audit(1722399106.631:6908): arch=c00000b7 syscall=56 success=yes exit=3 a0=ffffffffffffff9c a1=c746b9e7f080 a2=241 a3=1b6 items=2 ppid=86575 pid=96843 auid=1001 uid=1001 gid=1001 euid=1001 suid=1001 fsuid=1001 egid=1001 sgid=1001 fsgid=1001 tty=pts18 ses=15 comm="nano" exe="/usr/bin/nano" subj=unconfined key="testdir_watch"ARCH=aarch64 SYSCALL=openat AUID="tharindu2" UID="tharindu2" GID="tharindu2" EUID="tharindu2" SUID="tharindu2" FSUID="tharindu2" EGID="tharindu2" SGID="tharindu2" FSGID="tharindu2"
type=CWD msg=audit(1722399106.631:6908): cwd="/home/TestDir"
type=PATH msg=audit(1722399106.631:6908): item=0 name="/home/TestDir" inode=819126 dev=fc:00 mode=040770 ouid=0 ogid=1003 rdev=00:00 nametype=PARENT cap_fp=0 cap_fi=0 cap_fe=0 cap_fver=0 cap_frootid=0OUID="root" OGID="MYG"
type=PATH msg=audit(1722399106.631:6908): item=1 name="test.txt" inode=819232 dev=fc:00 mode=0100770 ouid=0 ogid=1003 rdev=00:00 nametype=NORMAL cap_fp=0 cap_fi=0 cap_fe=0 cap_fver=0 cap_frootid=0OUID="root" OGID="MYG"
type=PROCTITLE msg=audit(1722399106.631:6908): proctitle=6E616E6F00746573742E747874

type=SYSCALL msg=audit(1722399106.631:6908): arch=c00000b7 syscall=56 success=yes exit=3 a0=ffffffffffffff9c a1=c746b9e7f080 a2=241 a3=1b6 items=2 ppid=86575 pid=96843 auid=1001 uid=1001 gid=1001 euid=1001 suid=1001 fsuid=1001 egid=1001 sgid=1001 fsgid=1001 tty=pts18 ses=15 comm="nano" exe="/usr/bin/nano" subj=unconfined key="testdir_watch"ARCH=aarch64 SYSCALL=openat AUID="tharindu2" UID="tharindu2" GID="tharindu2" EUID="tharindu2" SUID="tharindu2" FSUID="tharindu2" EGID="tharindu2" SGID="tharindu2" FSGID="tharindu2"
type=CWD msg=audit(1722399106.631:6908): cwd="/home/TestDir"
type=PATH msg=audit(1722399106.631:6908): item=0 name="/home/TestDir" inode=819126 dev=fc:00 mode=040770 ouid=0 ogid=1003 rdev=00:00 nametype=PARENT cap_fp=0 cap_fi=0 cap_fe=0 cap_fver=0 cap_frootid=0OUID="root" OGID="MYG"
type=PATH msg=audit(1722399106.631:6908): item=1 name="test.txt" inode=819232 dev=fc:00 mode=0100770 ouid=0 ogid=1003 rdev=00:00 nametype=NORMAL cap_fp=0 cap_fi=0 cap_fe=0 cap_fver=0 cap_frootid=0OUID="root" OGID="MYG"
type=PROCTITLE msg=audit(1722399106.631:6908): proctitle=6E616E6F00746573742E747874

type=SYSCALL msg=audit(1722399106.631:6908): arch=c00000b7 syscall=56 success=yes exit=3 a0=ffffffffffffff9c a1=c746b9e7f080 a2=241 a3=1b6 items=2 ppid=86575 pid=96843 auid=1001 uid=1001 gid=1001 euid=1001 suid=1001 fsuid=1001 egid=1001 sgid=1001 fsgid=1001 tty=pts18 ses=15 comm="nano" exe="/usr/bin/nano" subj=unconfined key="testdir_watch"ARCH=aarch64 SYSCALL=openat AUID="tharindu2" UID="tharindu2" GID="tharindu2" EUID="tharindu2" SUID="tharindu2" FSUID="tharindu2" EGID="tharindu2" SGID="tharindu2" FSGID="tharindu2"
type=CWD msg=audit(1722399106.631:6908): cwd="/home/TestDir"
type=PATH msg=audit(1722399106.631:6908): item=0 name="/home/TestDir" inode=819126 dev=fc:00 mode=040770 ouid=0 ogid=1003 rdev=00:00 nametype=PARENT cap_fp=0 cap_fi=0 cap_fe=0 cap_fver=0 cap_frootid=0OUID="root" OGID="MYG"
type=PATH msg=audit(1722399106.631:6908): item=1 name="test.txt" inode=819232 dev=fc:00 mode=0100770 ouid=0 ogid=1003 rdev=00:00 nametype=NORMAL cap_fp=0 cap_fi=0 cap_fe=0 cap_fver=0 cap_frootid=0OUID="root" OGID="MYG"
type=PROCTITLE msg=audit(1722399106.631:6908): proctitle=6E616E6F00746573742E747874
type=SYSCALL msg=audit(1722399106.631:6908): arch=c00000b7 syscall=56 success=yes exit=3 a0=ffffffffffffff9c a1=c746b9e7f080 a2=241 a3=1b6 items=2 ppid=86575 pid=96843 auid=1001 uid=1001 gid=1001 euid=1001 suid=1001 fsuid=1001 egid=1001 sgid=1001 fsgid=1001 tty=pts18 ses=15 comm="nano" exe="/usr/bin/nano" subj=unconfined key="testdir_watch"ARCH=aarch64 SYSCALL=openat AUID="tharindu2" UID="tharindu2" GID="tharindu2" EUID="tharindu2" SUID="tharindu2" FSUID="tharindu2" EGID="tharindu2" SGID="tharindu2" FSGID="tharindu2"
type=CWD msg=audit(1722399106.631:6908): cwd="/home/TestDir"
type=PATH msg=audit(1722399106.631:6908): item=0 name="/home/TestDir" inode=819126 dev=fc:00 mode=040770 ouid=0 ogid=1003 rdev=00:00 nametype=PARENT cap_fp=0 cap_fi=0 cap_fe=0 cap_fver=0 cap_frootid=0OUID="root" OGID="MYG"
type=PATH msg=audit(1722399106.631:6908): item=1 name="test.txt" inode=819232 dev=fc:00 mode=0100770 ouid=0 ogid=1003 rdev=00:00 nametype=NORMAL cap_fp=0 cap_fi=0 cap_fe=0 cap_fver=0 cap_frootid=0OUID="root" OGID="MYG"
type=SYSCALL msg=audit(1722399106.631:6908): arch=c00000b7 syscall=56 success=yes exit=3 a0=ffffffffffffff9c a1=c746b9e7f080 a2=241 a3=1b6 items=2 ppid=86575 pid=96843 auid=1001 uid=1001 gid=1001 euid=1001 suid=1001 fsuid=1001 egid=1001 sgid=1001 fsgid=1001 tty=pts18 ses=15 comm="nano" exe="/usr/bin/nano" subj=unconfined key="testdir_watch"ARCH=aarch64 SYSCALL=openat AUID="tharindu2" UID="tharindu2" GID="tharindu2" EUID="tharindu2" SUID="tharindu2" FSUID="tharindu2" EGID="tharindu2" SGID="tharindu2" FSGID="tharindu2"
type=CWD msg=audit(1722399106.631:6908): cwd="/home/TestDir"
type=PATH msg=audit(1722399106.631:6908): item=0 name="/home/TestDir" inode=819126 dev=fc:00 mode=040770 ouid=0 ogid=1003 rdev=00:00 nametype=PARENT cap_fp=0 cap_fi=0 cap_fe=0 cap_fver=0 cap_frootid=0OUID="root" OGID="MYG"
type=PATH msg=audit(1722399106.631:6908): item=1 name="test.txt" inode=819232 dev=fc:00 mode=0100770 ouid=0 ogid=1003 rdev=00:00 nametype=NORMAL cap_fp=0 cap_fi=0 cap_fe=0 cap_fver=0 cap_frootid=0OUID="root" OGID="MYG"
type=PROCTITLE msg=audit(1722399106.631:6908): proctitle=6E616E6F00746573742E747874
type=SYSCALL msg=audit(1722399106.631:6908): arch=c00000b7 syscall=56 success=yes exit=3 a0=ffffffffffffff9c a1=c746b9e7f080 a2=241 a3=1b6 items=2 ppid=86575 pid=96843 auid=1001 uid=1001 gid=1001 euid=1001 suid=1001 fsuid=1001 egid=1001 sgid=1001 fsgid=1001 tty=pts18 ses=15 comm="nano" exe="/usr/bin/nano" subj=unconfined key="testdir_watch"ARCH=aarch64 SYSCALL=openat AUID="tharindu2" UID="tharindu2" GID="tharindu2" EUID="tharindu2" SUID="tharindu2" FSUID="tharindu2" EGID="tharindu2" SGID="tharindu2" FSGID="tharindu2"
type=CWD msg=audit(1722399106.631:6908): cwd="/home/TestDir"
type=PATH msg=audit(1722399106.631:6908): item=0 name="/home/TestDir" inode=819126 dev=fc:00 mode=040770 ouid=0 ogid=1003 rdev=00:00 nametype=PARENT cap_fp=0 cap_fi=0 cap_fe=0 cap_fver=0 cap_frootid=0OUID="root" OGID="MYG"
type=PATH msg=audit(1722399106.631:6908): item=1 name="test.txt" inode=819232 dev=fc:00 mode=0100770 ouid=0 ogid=1003 rdev=00:00 nametype=NORMAL cap_fp=0 cap_fi=0 cap_fe=0 cap_fver=0 cap_frootid=0OUID="root" OGID="MYG"
type=PROCTITLE msg=audit(1722399106.631:6908): proctitle=6E616E6F00746573742E747874
type=SYSCALL msg=audit(1722399106.631:6908): arch=c00000b7 syscall=56 success=yes exit=3 a0=ffffffffffffff9c a1=c746b9e7f080 a2=241 a3=1b6 items=2 ppid=86575 pid=96843 auid=1001 uid=1001 gid=1001 euid=1001 suid=1001 fsuid=1001 egid=1001 sgid=1001 fsgid=1001 tty=pts18 ses=15 comm="nano" exe="/usr/bin/nano" subj=unconfined key="testdir_watch"ARCH=aarch64 SYSCALL=openat AUID="tharindu2" UID="tharindu2" GID="tharindu2" EUID="tharindu2" SUID="tharindu2" FSUID="tharindu2" EGID="tharindu2" SGID="tharindu2" FSGID="tharindu2"
type=CWD msg=audit(1722399106.631:6908): cwd="/home/TestDir"
type=PATH msg=audit(1722399106.631:6908): item=0 name="/home/TestDir" inode=819126 dev=fc:00 mode=040770 ouid=0 ogid=1003 rdev=00:00 nametype=PARENT cap_fp=0 cap_fi=0 cap_fe=0 cap_fver=0 cap_frootid=0OUID="root" OGID="MYG"
type=PATH msg=audit(1722399106.631:6908): item=1 name="test.txt" inode=819232 dev=fc:00 mode=0100770 ouid=0 ogid=1003 rdev=00:00 nametype=NORMAL cap_fp=0 cap_fi=0 cap_fe=0 cap_fver=0 cap_frootid=0OUID="root" OGID="MYG"
type=PROCTITLE msg=audit(1722399106.631:6908): proctitle=6E616E6F00746573742E747874
type=SYSCALL msg=audit(1722399106.631:6908): arch=c00000b7 syscall=56 success=yes exit=3 a0=ffffffffffffff9c a1=c746b9e7f080 a2=241 a3=1b6 items=2 ppid=86575 pid=96843 auid=1001 uid=1001 gid=1001 euid=1001 suid=1001 fsuid=1001 egid=1001 sgid=1001 fsgid=1001 tty=pts18 ses=15 comm="nano" exe="/usr/bin/nano" subj=unconfined key="testdir_watch"ARCH=aarch64 SYSCALL=openat AUID="tharindu2" UID="tharindu2" GID="tharindu2" EUID="tharindu2" SUID="tharindu2" FSUID="tharindu2" EGID="tharindu2" SGID="tharindu2" FSGID="tharindu2"
type=CWD msg=audit(1722399106.631:6908): cwd="/home/TestDir"
type=PATH msg=audit(1722399106.631:6908): item=0 name="/home/TestDir" inode=819126 dev=fc:00 mode=040770 ouid=0 ogid=1003 rdev=00:00 nametype=PARENT cap_fp=0 cap_fi=0 cap_fe=0 cap_fver=0 cap_frootid=0OUID="root" OGID="MYG"
type=PATH msg=audit(1722399106.631:6908): item=1 name="test.txt" inode=819232 dev=fc:00 mode=0100770 ouid=0 ogid=1003 rdev=00:00 nametype=NORMAL cap_fp=0 cap_fi=0 cap_fe=0 cap_fver=0 cap_frootid=0OUID="root" OGID="MYG"
type=PROCTITLE msg=audit(1722399106.631:6908): proctitle=6E616E6F00746573742E747874
type=SYSCALL msg=audit(1722399106.631:6908): arch=c00000b7 syscall=56 success=yes exit=3 a0=ffffffffffffff9c a1=c746b9e7f080 a2=241 a3=1b6 items=2 ppid=86575 pid=96843 auid=1001 uid=1001 gid=1001 euid=1001 suid=1001 fsuid=1001 egid=1001 sgid=1001 fsgid=1001 tty=pts18 ses=15 comm="nano" exe="/usr/bin/nano" subj=unconfined key="testdir_watch"ARCH=aarch64 SYSCALL=openat AUID="tharindu2" UID="tharindu2" GID="tharindu2" EUID="tharindu2" SUID="tharindu2" FSUID="tharindu2" EGID="tharindu2" SGID="tharindu2" FSGID="tharindu2"
type=CWD msg=audit(1722399106.631:6908): cwd="/home/TestDir"
type=PATH msg=audit(1722399106.631:6908): item=0 name="/home/TestDir" inode=819126 dev=fc:00 mode=040770 ouid=0 ogid=1003 rdev=00:00 nametype=PARENT cap_fp=0 cap_fi=0 cap_fe=0 cap_fver=0 cap_frootid=0OUID="root" OGID="MYG"
type=PATH msg=audit(1722399106.631:6908): item=1 name="test.txt" inode=819232 dev=fc:00 mode=0100770 ouid=0 ogid=1003 rdev=00:00 nametype=NORMAL cap_fp=0 cap_fi=0 cap_fe=0 cap_fver=0 cap_frootid=0OUID="root" OGID="MYG"
type=PROCTITLE msg=audit(1722399106.631:6908): proctitle=6E616E6F00746573742E747874
type=SYSCALL msg=audit(1722399106.631:6908): arch=c00000b7 syscall=56 success=yes exit=3 a0=ffffffffffffff9c a1=c746b9e7f080 a2=241 a3=1b6 items=2 ppid=86575 pid=96843 auid=1001 uid=1001 gid=1001 euid=1001 suid=1001 fsuid=1001 egid=1001 sgid=1001 fsgid=1001 tty=pts18 ses=15 comm="nano" exe="/usr/bin/nano" subj=unconfined key="testdir_watch"ARCH=aarch64 SYSCALL=openat AUID="tharindu2" UID="tharindu2" GID="tharindu2" EUID="tharindu2" SUID="tharindu2" FSUID="tharindu2" EGID="tharindu2" SGID="tharindu2" FSGID="tharindu2"
type=CWD msg=audit(1722399106.631:6908): cwd="/home/TestDir"
type=PATH msg=audit(1722399106.631:6908): item=0 name="/home/TestDir" inode=819126 dev=fc:00 mode=040770 ouid=0 ogid=1003 rdev=00:00 nametype=PARENT cap_fp=0 cap_fi=0 cap_fe=0 cap_fver=0 cap_frootid=0OUID="root" OGID="MYG"
type=PATH msg=audit(1722399106.631:6908): item=1 name="test.txt" inode=819232 dev=fc:00 mode=0100770 ouid=0 ogid=1003 rdev=00:00 nametype=NORMAL cap_fp=0 cap_fi=0 cap_fe=0 cap_fver=0 cap_frootid=0OUID="root" OGID="MYG"
type=PROCTITLE msg=audit(1722399106.631:6908): proctitle=6E616E6F00746573742E747874
